[    0.000000] Linux version 4.15.0-212-generic (buildd@lcy02-amd64-083) (gcc version 7.5.0 (Ubuntu 7.5.0-3ubuntu1~18.04)) #223-Ubuntu SMP Tue May 23 13:09:22 UTC 2023 (Ubuntu 4.15.0-212.223-generic 4.15.18)
[    0.000000] Command line: BOOT_IMAGE=/boot/vmlinuz-4.15.0-212-generic root=LABEL=cloudimg-rootfs ro console=tty1 console=ttyS0
[    0.000000] KERNEL supported cpus:
[    0.000000]   Intel GenuineIntel
[    0.000000]   AMD AuthenticAMD
[    0.000000]   Centaur CentaurHauls
[    0.000000] x86/fpu: x87 FPU will use FXSAVE
[    0.000000] e820: BIOS-provided physical RAM map:
[    0.000000] BIOS-e820: [mem 0x0000000000000000-0x000000000009fbff] usable
[    0.000000] BIOS-e820: [mem 0x000000000009fc00-0x000000000009ffff] reserved
[    0.000000] BIOS-e820: [mem 0x00000000000f0000-0x00000000000fffff] reserved
[    0.000000] BIOS-e820: [mem 0x0000000000100000-0x000000001ffeffff] usable
[    0.000000] BIOS-e820: [mem 0x000000001fff0000-0x000000001fffffff] ACPI data
[    0.000000] BIOS-e820: [mem 0x00000000fec00000-0x00000000fec00fff] reserved
[    0.000000] BIOS-e820: [mem 0x00000000fee00000-0x00000000fee00fff] reserved
[    0.000000] BIOS-e820: [mem 0x00000000fffc0000-0x00000000ffffffff] reserved
[    0.000000] NX (Execute Disable) protection: active
[    0.000000] SMBIOS 2.5 present.
[    0.000000] DMI: innotek GmbH VirtualBox/VirtualBox, BIOS VirtualBox 12/01/2006
[    0.000000] Hypervisor detected: KVM
[    0.000000] e820: last_pfn = 0x1fff0 max_arch_pfn = 0x400000000
[    0.000000] MTRR: Disabled
[    0.000000] x86/PAT: MTRRs disabled, skipping PAT initialization too.
[    0.000000] CPU MTRRs all blank - virtualized system.
[    0.000000] x86/PAT: Configuration [0-7]: WB  WT  UC- UC  WB  WT  UC- UC  
[    0.000000] found SMP MP-table at [mem 0x0009fff0-0x0009ffff]
[    0.000000] Scanning 1 areas for low memory corruption
[    0.000000] RAMDISK: [mem 0x1db01000-0x1ee12fff]
[    0.000000] ACPI: Early table checksum verification disabled
[    0.000000] ACPI: RSDP 0x00000000000E0000 000024 (v02 VBOX  )
[    0.000000] ACPI: XSDT 0x000000001FFF0030 00003C (v01 VBOX   VBOXXSDT 00000001 ASL  00000061)
[    0.000000] ACPI: FACP 0x000000001FFF00F0 0000F4 (v04 VBOX   VBOXFACP 00000001 ASL  00000061)
[    0.000000] ACPI: DSDT 0x000000001FFF0610 002353 (v02 VBOX   VBOXBIOS 00000002 INTL 20100528)
[    0.000000] ACPI: FACS 0x000000001FFF0200 000040
[    0.000000] ACPI: FACS 0x000000001FFF0200 000040
[    0.000000] ACPI: APIC 0x000000001FFF0240 000054 (v02 VBOX   VBOXAPIC 00000001 ASL  00000061)
[    0.000000] ACPI: SSDT 0x000000001FFF02A0 00036C (v01 VBOX   VBOXCPUT 00000002 INTL 20100528)
[    0.000000] ACPI: Reserving FACP table memory at [mem 0x1fff00f0-0x1fff01e3]
[    0.000000] ACPI: Reserving DSDT table memory at [mem 0x1fff0610-0x1fff2962]
[    0.000000] ACPI: Reserving FACS table memory at [mem 0x1fff0200-0x1fff023f]
[    0.000000] ACPI: Reserving FACS table memory at [mem 0x1fff0200-0x1fff023f]
[    0.000000] ACPI: Reserving APIC table memory at [mem 0x1fff0240-0x1fff0293]
[    0.000000] ACPI: Reserving SSDT table memory at [mem 0x1fff02a0-0x1fff060b]
[    0.000000] No NUMA configuration found
[    0.000000] Faking a node at [mem 0x0000000000000000-0x000000001ffeffff]
[    0.000000] NODE_DATA(0) allocated [mem 0x1ffc5000-0x1ffeffff]
[    0.000000] kvm-clock: cpu 0, msr 0:1ff44001, primary cpu clock
[    0.000000] kvm-clock: Using msrs 4b564d01 and 4b564d00
[    0.000000] kvm-clock: using sched offset of 4175501674 cycles
[    0.000000] clocksource: kvm-clock: mask: 0xffffffffffffffff max_cycles: 0x1cd42e4dffb, max_idle_ns: 881590591483 ns
[    0.000000] Zone ranges:
[    0.000000]   DMA      [mem 0x0000000000001000-0x0000000000ffffff]
[    0.000000]   DMA32    [mem 0x0000000001000000-0x000000001ffeffff]
[    0.000000]   Normal   empty
[    0.000000]   Device   empty
[    0.000000] Movable zone start for each node
[    0.000000] Early memory node ranges
[    0.000000]   node   0: [mem 0x0000000000001000-0x000000000009efff]
[    0.000000]   node   0: [mem 0x0000000000100000-0x000000001ffeffff]
[    0.000000] Reserved but unavailable: 104 pages
[    0.000000] Initmem setup node 0 [mem 0x0000000000001000-0x000000001ffeffff]
[    0.000000] ACPI: PM-Timer IO Port: 0x4008
[    0.000000] IOAPIC[0]: apic_id 1, version 32, address 0xfec00000, GSI 0-23
[    0.000000] ACPI: INT_SRC_OVR (bus 0 bus_irq 0 global_irq 2 dfl dfl)
[    0.000000] ACPI: INT_SRC_OVR (bus 0 bus_irq 9 global_irq 9 low level)
[    0.000000] Using ACPI (MADT) for SMP configuration information
[    0.000000] smpboot: Allowing 1 CPUs, 0 hotplug CPUs
[    0.000000] PM: Registered nosave memory: [mem 0x00000000-0x00000fff]
[    0.000000] PM: Registered nosave memory: [mem 0x0009f000-0x0009ffff]
[    0.000000] PM: Registered nosave memory: [mem 0x000a0000-0x000effff]
[    0.000000] PM: Registered nosave memory: [mem 0x000f0000-0x000fffff]
[    0.000000] e820: [mem 0x20000000-0xfebfffff] available for PCI devices
[    0.000000] Booting paravirtualized kernel on KVM
[    0.000000] clocksource: refined-jiffies: mask: 0xffffffff max_cycles: 0xffffffff, max_idle_ns: 7645519600211568 ns
[    0.000000] setup_percpu: NR_CPUS:8192 nr_cpumask_bits:1 nr_cpu_ids:1 nr_node_ids:1
[    0.000000] percpu: Embedded 50 pages/cpu s167936 r8192 d28672 u2097152
[    0.000000] PV qspinlock hash table entries: 256 (order: 0, 4096 bytes)
[    0.000000] Built 1 zonelists, mobility grouping on.  Total pages: 128889
[    0.000000] Policy zone: DMA32
[    0.000000] Kernel command line: BOOT_IMAGE=/boot/vmlinuz-4.15.0-212-generic root=LABEL=cloudimg-rootfs ro console=tty1 console=ttyS0
[    0.000000] Memory: 466748K/523832K available (12300K kernel code, 2477K rwdata, 4324K rodata, 2480K init, 2720K bss, 57084K reserved, 0K cma-reserved)
[    0.000000] SLUB: HWalign=64, Order=0-3, MinObjects=0, CPUs=1, Nodes=1
[    0.000000] ftrace: allocating 39508 entries in 155 pages
[    0.004000] Hierarchical RCU implementation.
[    0.004000] 	RCU restricting CPUs from NR_CPUS=8192 to nr_cpu_ids=1.
[    0.004000] 	Tasks RCU enabled.
[    0.004000] RCU: Adjusting geometry for rcu_fanout_leaf=16, nr_cpu_ids=1
[    0.004000] NR_IRQS: 524544, nr_irqs: 256, preallocated irqs: 16
[    0.004000] random: crng init done
[    0.004000] Console: colour VGA+ 80x25
[    0.004000] console [tty1] enabled
[    0.004000] console [ttyS0] enabled
[    0.004000] ACPI: Core revision 20170831
[    0.004000] ACPI: 2 ACPI AML tables successfully acquired and loaded
[    0.004000] APIC: Switch to symmetric I/O mode setup
[    0.008000] ..TIMER: vector=0x30 apic1=0 pin1=2 apic2=-1 pin2=-1
[    0.008007] tsc: Detected 2304.006 MHz processor
[    0.012010] Calibrating delay loop (skipped) preset value.. 4608.01 BogoMIPS (lpj=9216024)
[    0.016003] pid_max: default: 32768 minimum: 301
[    0.020031] Security Framework initialized
[    0.024003] Yama: becoming mindful.
[    0.028021] AppArmor: AppArmor initialized
[    0.032081] Dentry cache hash table entries: 65536 (order: 7, 524288 bytes)
[    0.036032] Inode-cache hash table entries: 32768 (order: 6, 262144 bytes)
[    0.040012] Mount-cache hash table entries: 1024 (order: 1, 8192 bytes)
[    0.044005] Mountpoint-cache hash table entries: 1024 (order: 1, 8192 bytes)
[    0.050045] Last level iTLB entries: 4KB 64, 2MB 8, 4MB 8
[    0.052003] Last level dTLB entries: 4KB 64, 2MB 0, 4MB 0, 1GB 4
[    0.056005] Spectre V1 : Mitigation: usercopy/swapgs barriers and __user pointer sanitization
[    0.060003] Spectre V2 : Mitigation: Enhanced IBRS
[    0.064002] Spectre V2 : Spectre v2 / SpectreRSB mitigation: Filling RSB on context switch
[    0.068002] Spectre V2 : Spectre v2 / PBRSB-eIBRS: Retire a single CALL on VMEXIT
[    0.072002] RETBleed: Mitigation: Enhanced IBRS
[    0.076002] Speculative Store Bypass: Vulnerable
[    0.084050] MMIO Stale Data: Vulnerable: Clear CPU buffers attempted, no microcode
[    0.088003] SRBDS: Unknown: Dependent on hypervisor status
[    0.100000] Freeing SMP alternatives memory: 36K
[    0.208685] smpboot: CPU0: Intel(R) Core(TM) i3-8145U CPU @ 2.10GHz (family: 0x6, model: 0x8e, stepping: 0xc)
[    0.212069] Performance Events: unsupported p6 CPU model 142 no PMU driver, software events only.
[    0.216036] Hierarchical SRCU implementation.
[    0.220494] NMI watchdog: Perf event create on CPU 0 failed with -2
[    0.224002] NMI watchdog: Perf NMI watchdog permanently disabled
[    0.228037] smp: Bringing up secondary CPUs ...
[    0.232003] smp: Brought up 1 node, 1 CPU
[    0.236002] smpboot: Max logical packages: 1
[    0.240003] smpboot: Total of 1 processors activated (4608.01 BogoMIPS)
[    0.244096] devtmpfs: initialized
[    0.248108] x86/mm: Memory block size: 128MB
[    0.252090] evm: security.selinux
[    0.256004] evm: security.SMACK64
[    0.260002] evm: security.SMACK64EXEC
[    0.262910] evm: security.SMACK64TRANSMUTE
[    0.264002] evm: security.SMACK64MMAP
[    0.268002] evm: security.apparmor
[    0.272002] evm: security.ima
[    0.274441] evm: security.capability
[    0.276092] clocksource: jiffies: mask: 0xffffffff max_cycles: 0xffffffff, max_idle_ns: 7645041785100000 ns
[    0.280013] futex hash table entries: 256 (order: 2, 16384 bytes)
[    0.284043] pinctrl core: initialized pinctrl subsystem
[    0.288357] RTC time: 21:43:45, date: 11/01/24
[    0.292112] NET: Registered protocol family 16
[    0.296063] audit: initializing netlink subsys (disabled)
[    0.300109] cpuidle: using governor ladder
[    0.304005] audit: type=2000 audit(1730497430.311:1): state=initialized audit_enabled=0 res=1
[    0.308005] cpuidle: using governor menu
[    0.312036] ACPI: bus type PCI registered
[    0.316003] acpiphp: ACPI Hot Plug PCI Controller Driver version: 0.5
[    0.320300] PCI: Using configuration type 1 for base access
[    0.325052] HugeTLB registered 2.00 MiB page size, pre-allocated 0 pages
[    0.332175] ACPI: Added _OSI(Module Device)
[    0.336006] ACPI: Added _OSI(Processor Device)
[    0.339483] ACPI: Added _OSI(3.0 _SCP Extensions)
[    0.340002] ACPI: Added _OSI(Processor Aggregator Device)
[    0.344015] ACPI: Added _OSI(Linux-Dell-Video)
[    0.348003] ACPI: Added _OSI(Linux-Lenovo-NV-HDMI-Audio)
[    0.352003] ACPI: Added _OSI(Linux-HPI-Hybrid-Graphics)
[    0.356787] ACPI: Executed 1 blocks of module-level executable AML code
[    0.365715] ACPI: Interpreter enabled
[    0.368013] ACPI: (supports S0 S5)
[    0.372003] ACPI: Using IOAPIC for interrupt routing
[    0.376381] PCI: Using host bridge windows from ACPI; if necessary, use "pci=nocrs" and report a bug
[    0.384242] ACPI: Enabled 2 GPEs in block 00 to 07
[    0.398159] ACPI: PCI Root Bridge [PCI0] (domain 0000 [bus 00-ff])
[    0.404013] acpi PNP0A03:00: _OSC: OS supports [ASPM ClockPM Segments MSI]
[    0.408754] acpi PNP0A03:00: _OSC: not requesting OS control; OS requires [ExtendedConfig ASPM ClockPM MSI]
[    0.412014] acpi PNP0A03:00: fail to add MMCONFIG information, can't access extended PCI configuration space under this bridge.
[    0.416765] PCI host bridge to bus 0000:00
[    0.420005] pci_bus 0000:00: root bus resource [io  0x0000-0x0cf7 window]
[    0.424004] pci_bus 0000:00: root bus resource [io  0x0d00-0xffff window]
[    0.428008] pci_bus 0000:00: root bus resource [mem 0x000a0000-0x000bffff window]
[    0.432006] pci_bus 0000:00: root bus resource [mem 0x20000000-0xfdffffff window]
[    0.436005] pci_bus 0000:00: root bus resource [bus 00-ff]
[    0.449028] pci 0000:00:01.1: legacy IDE quirk: reg 0x10: [io  0x01f0-0x01f7]
[    0.452003] pci 0000:00:01.1: legacy IDE quirk: reg 0x14: [io  0x03f6]
[    0.456003] pci 0000:00:01.1: legacy IDE quirk: reg 0x18: [io  0x0170-0x0177]
[    0.460003] pci 0000:00:01.1: legacy IDE quirk: reg 0x1c: [io  0x0376]
[    0.487490] pci 0000:00:07.0: quirk: [io  0x4000-0x403f] claimed by PIIX4 ACPI
[    0.488042] pci 0000:00:07.0: quirk: [io  0x4100-0x410f] claimed by PIIX4 SMB
[    0.504806] ACPI: PCI Interrupt Link [LNKA] (IRQs 5 9 10 *11)
[    0.508683] ACPI: PCI Interrupt Link [LNKB] (IRQs 5 9 *10 11)
[    0.512229] ACPI: PCI Interrupt Link [LNKC] (IRQs 5 *9 10 11)
[    0.516237] ACPI: PCI Interrupt Link [LNKD] (IRQs 5 9 10 *11)
[    0.520424] SCSI subsystem initialized
[    0.524109] pci 0000:00:02.0: vgaarb: setting as boot VGA device
[    0.528000] pci 0000:00:02.0: vgaarb: VGA device added: decodes=io+mem,owns=io+mem,locks=none
[    0.528006] pci 0000:00:02.0: vgaarb: bridge control possible
[    0.532003] vgaarb: loaded
[    0.534245] ACPI: bus type USB registered
[    0.536020] usbcore: registered new interface driver usbfs
[    0.540014] usbcore: registered new interface driver hub
[    0.544013] usbcore: registered new device driver usb
[    0.548059] EDAC MC: Ver: 3.0.0
[    0.552705] PCI: Using ACPI for IRQ routing
[    0.560109] NetLabel: Initializing
[    0.564007] NetLabel:  domain hash size = 128
[    0.568005] NetLabel:  protocols = UNLABELED CIPSOv4 CALIPSO
[    0.572056] NetLabel:  unlabeled traffic allowed by default
[    0.576206] clocksource: Switched to clocksource kvm-clock
[    0.630649] VFS: Disk quotas dquot_6.6.0
[    0.636294] VFS: Dquot-cache hash table entries: 512 (order 0, 4096 bytes)
[    0.643164] AppArmor: AppArmor Filesystem Enabled
[    0.648105] pnp: PnP ACPI init
[    0.652672] pnp: PnP ACPI: found 3 devices
[    0.664544] clocksource: acpi_pm: mask: 0xffffff max_cycles: 0xffffff, max_idle_ns: 2085701024 ns
[    0.672381] NET: Registered protocol family 2
[    0.676824] IP idents hash table entries: 8192 (order: 4, 65536 bytes)
[    0.682837] TCP established hash table entries: 4096 (order: 3, 32768 bytes)
[    0.689194] TCP bind hash table entries: 4096 (order: 4, 65536 bytes)
[    0.694659] TCP: Hash tables configured (established 4096 bind 4096)
[    0.700810] UDP hash table entries: 256 (order: 1, 8192 bytes)
[    0.705846] UDP-Lite hash table entries: 256 (order: 1, 8192 bytes)
[    0.710977] NET: Registered protocol family 1
[    0.714571] pci 0000:00:00.0: Limiting direct PCI/PCI transfers
[    0.719528] pci 0000:00:01.0: Activating ISA DMA hang workarounds
[    0.724628] pci 0000:00:02.0: Video device with shadowed ROM at [mem 0x000c0000-0x000dffff]
[    0.731377] Unpacking initramfs...
[    1.348201] Freeing initrd memory: 19528K
[    1.354451] clocksource: tsc: mask: 0xffffffffffffffff max_cycles: 0x2135fd711f6, max_idle_ns: 440795262176 ns
[    1.365239] platform rtc_cmos: registered platform RTC device (no PNP device found)
[    1.374092] Scanning for low memory corruption every 60 seconds
[    1.381464] Initialise system trusted keyrings
[    1.386676] Key type blacklist registered
[    1.391421] workingset: timestamp_bits=36 max_order=17 bucket_order=0
[    1.403232] zbud: loaded
[    1.408132] squashfs: version 4.0 (2009/01/31) Phillip Lougher
[    1.415339] fuse init (API version 7.26)
[    1.420917] Key type asymmetric registered
[    1.424466] Asymmetric key parser 'x509' registered
[    1.428488] Block layer SCSI generic (bsg) driver version 0.4 loaded (major 246)
[    1.434954] io scheduler noop registered
[    1.438717] io scheduler deadline registered
[    1.442213] io scheduler cfq registered (default)
[    1.446395] ACPI: AC Adapter [AC] (on-line)
[    1.449913] input: Power Button as /devices/LNXSYSTM:00/LNXPWRBN:00/input/input0
[    1.456747] ACPI: Power Button [PWRF]
[    1.459939] input: Sleep Button as /devices/LNXSYSTM:00/LNXSLPBN:00/input/input1
[    1.466018] ACPI: Sleep Button [SLPF]
[    1.470608] ACPI: Battery Slot [BAT0] (battery present)
[    1.475182] Serial: 8250/16550 driver, 32 ports, IRQ sharing enabled
[    1.510565] 00:02: ttyS0 at I/O 0x3f8 (irq = 4, base_baud = 115200) is a 16550A
[    1.521146] Linux agpgart interface v0.103
[    1.528097] loop: module loaded
[    1.533074] scsi host0: ata_piix
[    1.537086] scsi host1: ata_piix
[    1.541330] ata1: PATA max UDMA/33 cmd 0x1f0 ctl 0x3f6 bmdma 0xd000 irq 14
[    1.546702] ata2: PATA max UDMA/33 cmd 0x170 ctl 0x376 bmdma 0xd008 irq 15
[    1.554203] tun: Universal TUN/TAP device driver, 1.6
[    1.560758] PPP generic driver version 2.4.2
[    1.564643] ehci_hcd: USB 2.0 'Enhanced' Host Controller (EHCI) Driver
[    1.569878] ehci-pci: EHCI PCI platform driver
[    1.573617] ehci-platform: EHCI generic platform driver
[    1.578638] ohci_hcd: USB 1.1 'Open' Host Controller (OHCI) Driver
[    1.583603] ohci-pci: OHCI PCI platform driver
[    1.587236] ohci-platform: OHCI generic platform driver
[    1.591460] uhci_hcd: USB Universal Host Controller Interface driver
[    1.596618] i8042: PNP: PS/2 Controller [PNP0303:PS2K,PNP0f03:PS2M] at 0x60,0x64 irq 1,12
[    1.607076] serio: i8042 KBD port at 0x60,0x64 irq 1
[    1.611912] serio: i8042 AUX port at 0x60,0x64 irq 12
[    1.616426] mousedev: PS/2 mouse device common for all mice
[    1.625812] input: AT Translated Set 2 keyboard as /devices/platform/i8042/serio0/input/input2
[    1.634834] rtc_cmos rtc_cmos: rtc core: registered rtc_cmos as rtc0
[    1.642597] rtc_cmos rtc_cmos: alarms up to one day, 114 bytes nvram
[    1.649831] i2c /dev entries driver
[    1.653950] device-mapper: uevent: version 1.0.3
[    1.659182] device-mapper: ioctl: 4.37.0-ioctl (2017-09-20) initialised: dm-devel@redhat.com
[    1.669236] ledtrig-cpu: registered to indicate activity on CPUs
[    1.676513] NET: Registered protocol family 10
[    1.686376] Segment Routing with IPv6
[    1.691400] NET: Registered protocol family 17
[    1.696189] Key type dns_resolver registered
[    1.699732] mce: Using 0 MCE banks
[    1.702910] RAS: Correctable Errors collector initialized.
[    1.707376] sched_clock: Marking stable (1707319778, 0)->(2486506496, -779186718)
[    1.770442] registered taskstats version 1
[    1.774590] Loading compiled-in X.509 certificates
[    1.781785] Loaded X.509 cert 'Build time autogenerated kernel key: b5b26778eaa3ab3a4a6cee031137706e947d12ad'
[    1.790986] Loaded X.509 cert 'Canonical Ltd. Live Patch Signing: 14df34d1a87cf37625abec039ef2bf521249b969'
[    1.799955] Loaded X.509 cert 'Canonical Ltd. Kernel Module Signing: 88f752e560a1e0737e31163a466ad7b70a850c19'
[    1.809240] blacklist: Loading compiled-in revocation X.509 certificates
[    1.815235] Loaded X.509 cert 'Canonical Ltd. Secure Boot Signing: 61482aa2830d0ab2ad5af10b7250da9033ddcef0'
[    1.823042] Loaded X.509 cert 'Canonical Ltd. Secure Boot Signing (2017): 242ade75ac4a15e50d50c84b0d45ff3eae707a03'
[    1.831867] Loaded X.509 cert 'Canonical Ltd. Secure Boot Signing (ESM 2018): 365188c1d374d6b07c3c8f240f8ef722433d6a8b'
[    1.840824] Loaded X.509 cert 'Canonical Ltd. Secure Boot Signing (2019): c0746fd6c5da3ae827864651ad66ae47fe24b3e8'
[    1.849676] Loaded X.509 cert 'Canonical Ltd. Secure Boot Signing (2021 v1): a8d54bbb3825cfb94fa13c9f8a594a195c107b8d'
[    1.858336] Loaded X.509 cert 'Canonical Ltd. Secure Boot Signing (2021 v2): 4cf046892d6fd3c9a5b03f98d845f90851dc6a8c'
[    1.867447] Loaded X.509 cert 'Canonical Ltd. Secure Boot Signing (2021 v3): 100437bb6de6e469b581e61cd66bce3ef4ed53af'
[    1.876137] Loaded X.509 cert 'Canonical Ltd. Secure Boot Signing (Ubuntu Core 2019): c1d57b8f6b743f23ee41f4f7ee292f06eecadfb9'
[    1.885304] zswap: loaded using pool lzo/zbud
[    1.894086] Key type big_key registered
[    1.898428] Key type trusted registered
[    1.903588] Key type encrypted registered
[    1.907869] AppArmor: AppArmor sha1 policy hashing enabled
[    1.912956] ima: No TPM chip found, activating TPM-bypass! (rc=-19)
[    1.918321] ima: Allocated hash algorithm: sha1
[    1.922969] evm: HMAC attrs: 0x1
[    1.926614]   Magic number: 0:20:752
[    1.929811] tty ttyS3: hash matches
[    1.933048] rtc_cmos rtc_cmos: setting system clock to 2024-11-01 21:43:46 UTC (1730497426)
[    1.939735] BIOS EDD facility v0.16 2004-Jun-25, 0 devices found
[    1.945459] EDD information not available.
[    1.953294] Freeing unused kernel image memory: 2480K
[    1.964216] Write protecting the kernel read-only data: 20480k
[    1.971018] Freeing unused kernel image memory: 2008K
[    1.976094] Freeing unused kernel image memory: 1820K
[    1.987813] x86/mm: Checked W+X mappings: passed, no W+X pages found.
Loading, please wait...
starting version 237
[    2.121385] e1000: Intel(R) PRO/1000 Network Driver - version 7.3.21-k8-NAPI
[    2.129470] e1000: Copyright (c) 1999-2006 Intel Corporation.
[    2.140622] Fusion MPT base driver 3.04.20
[    2.145276] Copyright (c) 1999-2008 LSI Corporation
[    2.207255] SSE version of gcm_enc/dec engaged.
[    2.225764] Fusion MPT SPI Host driver 3.04.20
[    2.425111] input: ImExPS/2 Generic Explorer Mouse as /devices/platform/i8042/serio1/input/input4
[    3.078110] e1000 0000:00:03.0 eth0: (PCI:33MHz:32-bit) 02:3b:7b:b7:3b:2d
[    3.086407] e1000 0000:00:03.0 eth0: Intel(R) PRO/1000 Network Connection
[    3.093491] mptbase: ioc0: Initiating bringup
[    3.221095] ioc0: LSI53C1030 A0: Capabilities={Initiator}
[    3.525931] scsi host2: ioc0: LSI53C1030 A0, FwRev=00000000h, Ports=1, MaxQ=256, IRQ=20
[    3.712633] scsi 2:0:0:0: Direct-Access     VBOX     HARDDISK         1.0  PQ: 0 ANSI: 5
[    3.734899] scsi target2:0:0: Beginning Domain Validation
[    3.750246] scsi target2:0:0: Domain Validation skipping write tests
[    3.757094] scsi target2:0:0: Ending Domain Validation
[    3.763222] scsi target2:0:0: asynchronous
[    3.770155] scsi 2:0:1:0: Direct-Access     VBOX     HARDDISK         1.0  PQ: 0 ANSI: 5
[    3.788997] scsi target2:0:1: Beginning Domain Validation
[    3.818225] scsi target2:0:1: Domain Validation skipping write tests
[    3.823821] scsi target2:0:1: Ending Domain Validation
[    3.837421] scsi target2:0:1: asynchronous
[    3.960817] sd 2:0:0:0: Attached scsi generic sg0 type 0
[    3.966847] sd 2:0:0:0: [sda] 83886080 512-byte logical blocks: (42.9 GB/40.0 GiB)
[    3.983229] sd 2:0:1:0: Attached scsi generic sg1 type 0
[    3.989914] sd 2:0:1:0: [sdb] 20480 512-byte logical blocks: (10.5 MB/10.0 MiB)
[    3.997105] sd 2:0:0:0: [sda] Write Protect is off
[    4.001848] sd 2:0:0:0: [sda] Incomplete mode parameter data
[    4.006343] sd 2:0:0:0: [sda] Assuming drive cache: write through
[    4.012067] sd 2:0:1:0: [sdb] Write Protect is off
[    4.025114] sd 2:0:1:0: [sdb] Incomplete mode parameter data
[    4.030243] sd 2:0:1:0: [sdb] Assuming drive cache: write through
[    4.046859]  sda: sda1
[    4.051920] sd 2:0:0:0: [sda] Attached SCSI disk
[    4.105054] sd 2:0:1:0: [sdb] Attached SCSI disk
[    4.679831] e1000 0000:00:08.0 eth1: (PCI:33MHz:32-bit) 08:00:27:91:70:1c
[    4.701819] e1000 0000:00:08.0 eth1: Intel(R) PRO/1000 Network Connection
[    4.712736] e1000 0000:00:08.0 enp0s8: renamed from eth1
[    4.734613] e1000 0000:00:03.0 enp0s3: renamed from eth0
Begin: Loading essential drivers ... [    7.160283] raid6: sse2x1   gen()  9089 MB/s
[    7.212166] raid6: sse2x1   xor()  5643 MB/s
[    7.264071] raid6: sse2x2   gen() 11834 MB/s
[    7.316156] raid6: sse2x2   xor()  7682 MB/s
[    7.368072] raid6: sse2x4   gen() 12425 MB/s
[    7.428436] raid6: sse2x4   xor()  9103 MB/s
[    7.433284] raid6: using algorithm sse2x4 gen() 12425 MB/s
[    7.438029] raid6: .... xor() 9103 MB/s, rmw enabled
[    7.442120] raid6: using ssse3x2 recovery algorithm
[    7.447439] xor: measuring software checksum speed
[    7.552119]    prefetch64-sse: 46078.000 MB/sec
[    7.656073]    generic_sse: 43249.000 MB/sec
[    7.660583] xor: using function: prefetch64-sse (46078.000 MB/sec)
[    7.667444] async_tx: api initialized (async)
done.
Begin: Running /scripts/init-premount ... done.
Begin: Mounting root file system ... Begin: Running /scripts/local-top ... done.
Begin: Running /scripts/local-premount ... [    7.749269] Btrfs loaded, crc32c=crc32c-intel
Scanning for Btrfs filesystems
done.
Warning: fsck not present, so skipping root file system
[    7.812972] EXT4-fs (sda1): mounted filesystem with ordered data mode. Opts: (null)
done.
Begin: Running /scripts/local-bottom ... done.
Begin: Running /scripts/init-bottom ... done.
[    8.149201] ip_tables: (C) 2000-2006 Netfilter Core Team
[    8.174013] systemd[1]: systemd 237 running in system mode. (+PAM +AUDIT +SELINUX +IMA +APPARMOR +SMACK +SYSVINIT +UTMP +LIBCRYPTSETUP +GCRYPT +GNUTLS +ACL +XZ +LZ4 +SECCOMP +BLKID +ELFUTILS +KMOD -IDN2 +IDN -PCRE2 default-hierarchy=hybrid)
[    8.190559] systemd[1]: Detected virtualization oracle.
[    8.195497] systemd[1]: Detected architecture x86-64.

Welcome to [1mUbuntu 18.04.6 LTS[0m!

[    8.205654] systemd[1]: Set hostname to <ubuntu>.
[    8.216710] systemd[1]: Initializing machine ID from random generator.
[    8.221931] systemd[1]: Installed transient /etc/machine-id file.
[    8.641125] systemd[1]: Created slice System Slice.
[[0;32m  OK  [0m] Created slice System Slice.
[    8.648729] systemd[1]: Listening on LVM2 metadata daemon socket.
[[0;32m  OK  [0m] Listening on LVM2 metadata daemon socket.
[    8.657493] systemd[1]: Set up automount Arbitrary Executable File Formats File System Automount Point.
[[0;32m  OK  [0m] Set up automount Arbitrary Executab…rmats File System Automount Point.
[    8.670083] systemd[1]: Listening on Journal Socket.
[[0;32m  OK  [0m] Listening on Journal Socket.
[[0;32m  OK  [0m] Listening on /dev/initctl Compatibility Named Pipe.
         Mounting Huge Pages File System...
[[0;32m  OK  [0m] Listening on udev Kernel Socket.
[[0;32m  OK  [0m] Listening on Journal Audit Socket.
[[0;32m  OK  [0m] Created slice User and Session Slice.
[[0;32m  OK  [0m] Reached target Slices.
         Mounting POSIX Message Queue File System...
[[0;32m  OK  [0m] Listening on udev Control Socket.
[[0;32m  OK  [0m] Listening on fsck to fsckd communication Socket.
         Starting Load Kernel Modules...
[[0;32m  OK  [0m] Listening on Device-mapper event daemon FIFOs.
         Starting Monitoring of LVM2 mirrors…ng dmeventd or progress polling...[    8.738138] Loading iSCSI transport class v2.0-870.

[[0;32m  OK  [0m] Created slice system-serial\x2dgetty.slice.
[[0;32m  OK  [0m] Reached target Mounting snaps.
[[0;32m  OK  [0m] Reached target Mounted snaps.
         Starting Set the console keyboard layout...
[[0;32m  OK  [0m] Reached target Swap.
         Starting Uncomplicated firewall...
[[0;32m  OK  [0m] Listening on Network Service Netlink Socket.
         Starting File System Check on Root Device...
[[0;32m  OK  [0m] [    8.809242] iscsi: registered transport (tcp)
Reached target User and Group Name Lookups.
[[0;32m  OK  [0m] Listening on Journal Socket (/dev/log).
         Starting Create list of required st…ce nodes for the current kernel...
         Starting udev Coldplug all Devices...
[[0;32m  OK  [0m] Started Forward Password Requests to Wall Directory Watch.
[[0;32m  OK  [0m] Reached target System Time Synchronized.
[[0;32m  OK  [0m] Listening on LVM2 poll daemon socket.
[[0;32m  OK  [0m] Listening on Syslog Socket.
         Starting Journal Service...
         Mounting Kernel Debug File System...
[[0;32m  OK  [0m] Mounted Huge Pages File System.
[[0;32m  OK  [0m] Mounted POSIX Message Queue File System.
[[0;32m  OK  [0m] Started Uncomplicated firewall.
[[0;32m  OK  [0m] Started Create list of required sta…vice nodes for the current kernel.
[[    8.916437] iscsi: registered transport (iser)
[0;32m  OK  [0m] Mounted Kernel Debug File System.
[[0;32m  OK  [0m] Started Load Kernel Modules.
[[0;32m  OK  [0m] Started File System Check Daemon to report status.
[[0;32m  OK  [0m] Started LVM2 metadata daemon.
         Starting Apply Kernel Variables...
         Mounting FUSE Control File System...
         Mounting Kernel Configuration File System...
         Starting Create Static Device Nodes in /dev...
[[0;32m  OK  [0m] Started File System Check on Root Device.
[[0;32m  OK  [0m] Mounted FUSE Control File System.
[[0;32m  OK  [0m] Mounted Kernel Configuration File System.
         Starting Remount Root and Kernel File Systems...
[[0;32m  OK  [0m] Started Journal Service.
[[0;32m  OK  [0m] Started Create Static Device Nodes in /dev.
[[0;32m  OK  [0m] Started udev Coldplug all Devices.
[[0;32m  OK  [0m] Started Monitoring of LVM2 mirrors,…sing dmeventd or progress polling.
[[0;32m  OK  [0m] Started Remount Root and Kernel File Systems.
[[0;32m  OK  [0m] Started Apply Kernel Variables.
         Starting udev Kernel Device Manager...
         Starting Flush Journal to Persistent Storage...
         Starting Load/Save Random Seed...
[[0;32m  OK  [0m] Started udev Kernel Device Manager.
[[0;32m  OK  [0m] Started Load/Save Random Seed.
[[0;32m  OK  [0m] Started Flush Journal to Persistent Storage.
[[0;32m  OK  [0m] Found device /dev/ttyS0.
[[0;32m  OK  [0m] Listening on Load/Save RF Kill Switch Status /dev/rfkill Watch.
[[0;32m  OK  [0m] Started Set the console keyboard layout.
         Mounting Arbitrary Executable File Formats File System...
[[0;32m  OK  [0m] Started Dispatch Password Requests to Console Directory Watch.
[[0;32m  OK  [0m] Reached target Local Encrypted Volumes.
[[0;32m  OK  [0m] Reached target Local File Systems (Pre).
[[0;32m  OK  [0m] Reached target Local File Systems.
         Starting ebtables ruleset management...
         Starting Commit a transient machine-id on disk...
         Starting Create Volatile Files and Directories...
         Starting Set console font and keymap...
         Starting Tell Plymouth To Write Out Runtime Data...
         Starting AppArmor initialization...
[[0;32m  OK  [0m] Mounted Arbitrary Executable File Formats File System.
[[0;32m  OK  [0m] Started Commit a transient machine-id on disk.
[[0;32m  OK  [0m] Started Tell Plymouth To Write Out Runtime Data.
[[0;32m  OK  [0m] Started Create Volatile Files and Directories.
         Starting Update UTMP about System Boot/Shutdown...
[[0;32m  OK  [0m] Started Update UTMP about System Boot/Shutdown.
[[0;32m  OK  [0m] Started ebtables ruleset management.
[[0;32m  OK  [0m] Started AppArmor initialization.
         Starting Initial cloud-init job (pre-networking)...
         Starting Load AppArmor profiles managed internally by snapd...
[[0;32m  OK  [0m] Started Load AppArmor profiles managed internally by snapd.
[[0;32m  OK  [0m] Started Set console font and keymap.
[   15.335645] cloud-init[766]: Cloud-init v. 23.1.2-0ubuntu0~18.04.1 running 'init-local' at Fri, 01 Nov 2024 21:43:59 +0000. Up 14.91 seconds.
[[0;32m  OK  [0m] Started Initial cloud-init job (pre-networking).
[[0;32m  OK  [0m] Reached target Network (Pre).
         Starting Network Service...
[[0;32m  OK  [0m] Started Network Service.
         Starting Wait for Network to be Configured...
         Starting Network Name Resolution...
[[0;32m  OK  [0m] Started Network Name Resolution.
[[0;32m  OK  [0m] Reached target Host and Network Name Lookups.
[[0;32m  OK  [0m] Reached target Network.
[[0;32m  OK  [0m] Started Wait for Network to be Configured.
         Starting Initial cloud-init job (metadata service crawler)...
[   18.016848] cloud-init[901]: Cloud-init v. 23.1.2-0ubuntu0~18.04.1 running 'init' at Fri, 01 Nov 2024 21:44:02 +0000. Up 17.83 seconds.
[   18.034060] cloud-init[901]: ci-info: ++++++++++++++++++++++++++++++++++++++Net device info+++++++++++++++++++++++++++++++++++++++
[   18.050256] cloud-init[901]: ci-info: +--------+-------+----------------------------+---------------+--------+-------------------+
[   18.064541] cloud-init[901]: ci-info: | Device |   Up  |          Address           |      Mask     | Scope  |     Hw-Address    |
[   18.077969] cloud-init[901]: ci-info: +--------+-------+----------------------------+---------------+--------+-------------------+
[   18.093853] cloud-init[901]: ci-info: | enp0s3 |  True |         10.0.2.15          | 255.255.255.0 | global | 02:3b:7b:b7:3b:2d |
[   18.106908] cloud-init[901]: ci-info: | enp0s3 |  True | fe80::3b:7bff:feb7:3b2d/64 |       .       |  link  | 02:3b:7b:b7:3b:2d |
[   18.128881] cloud-init[901]: ci-info: | enp0s8 | False |             .              |       .       |   .    | 08:00:27:91:70:1c |
[   18.137068] cloud-init[901]: ci-info: |   lo   |  True |         127.0.0.1          |   255.0.0.0   |  host  |         .         |
[   18.148860] cloud-init[901]: ci-info: |   lo   |  True |          ::1/128           |       .       |  host  |         .         |
[   18.163358] cloud-init[901]: ci-info: +--------+-------+----------------------------+---------------+--------+-------------------+
[   18.174124] cloud-init[901]: ci-info: ++++++++++++++++++++++++++++Route IPv4 info+++++++++++++++++++++++++++++
[   18.189162] cloud-init[901]: ci-info: +-------+-------------+----------+-----------------+-----------+-------+
[   18.203443] cloud-init[901]: ci-info: | Route | Destination | Gateway  |     Genmask     | Interface | Flags |
[   18.211777] cloud-init[901]: ci-info: +-------+-------------+----------+-----------------+-----------+-------+
[   18.221248] cloud-init[901]: ci-info: |   0   |   0.0.0.0   | 10.0.2.2 |     0.0.0.0     |   enp0s3  |   UG  |
[   18.230404] cloud-init[901]: ci-info: |   1   |   10.0.2.0  | 0.0.0.0  |  255.255.255.0  |   enp0s3  |   U   |
[   18.242744] cloud-init[901]: ci-info: |   2   |   10.0.2.2  | 0.0.0.0  | 255.255.255.255 |   enp0s3  |   UH  |
[   18.257237] cloud-init[901]: ci-info: +-------+-------------+----------+-----------------+-----------+-------+
[   18.270540] cloud-init[901]: ci-info: +++++++++++++++++++Route IPv6 info+++++++++++++++++++
[   18.279521] cloud-init[901]: ci-info: +-------+-------------+---------+-----------+-------+
[   18.293378] cloud-init[901]: ci-info: | Route | Destination | Gateway | Interface | Flags |
[   18.304030] cloud-init[901]: ci-info: +-------+-------------+---------+-----------+-------+
[   18.320381] cloud-init[901]: ci-info: |   1   |  fe80::/64  |    ::   |   enp0s3  |   U   |
[   18.333874] cloud-init[901]: ci-info: |   3   |    local    |    ::   |   enp0s3  |   U   |
[   18.356773] cloud-init[901]: ci-info: |   4   |   ff00::/8  |    ::   |   enp0s3  |   U   |
[   18.378963] cloud-init[901]: ci-info: +-------+-------------+---------+-----------+-------+
[   19.493181] cloud-init[901]: Generating public/private rsa key pair.
[   19.507013] cloud-init[901]: Your identification has been saved in /etc/ssh/ssh_host_rsa_key.
[   19.527106] cloud-init[901]: Your public key has been saved in /etc/ssh/ssh_host_rsa_key.pub.
[   19.533570] cloud-init[901]: The key fingerprint is:
[   19.538393] cloud-init[901]: SHA256:15TsQRAP98dV1bxyC5pf4AdnZHbCJ2kpGsPXWZ+Y7o4 root@ubuntu-bionic
[   19.549831] cloud-init[901]: The key's randomart image is:
[   19.566428] cloud-init[901]: +---[RSA 2048]----+
[   19.570932] cloud-init[901]: |         .+ooo *O|
[   19.590987] cloud-init[901]: |          +*oo%=O|
[   19.595461] cloud-init[901]: |           =*===*|
[   19.600595] cloud-init[901]: |          .+.* * |
[   19.618507] cloud-init[901]: |        S . *.O .|
[   19.623786] cloud-init[901]: |         . o.. + |
[   19.627791] cloud-init[901]: |            ..o  |
[[0;32m  OK  [0m] Started Initial cloud-init job (metadata service crawler).
[   19.639513] cloud-init[901]: |            o.   |
[[0;32m  OK  [0m] Reached target Cloud-config availability.
[[0;32m  OK  [0m] Reached target Network is Online.[   19.657744] cloud-init[901]: |           E .   |
         
Starting Availability of block devices...
[[0;32m  OK  [0m] Reached target Remote File Systems (Pre).
[   19.680717] cloud-init[901]: +----[SHA256]-----+[[0;32m  OK  [0m] Reached target Remote File Systems.

[   19.693877] cloud-init[901]: [[0;32m  OK  [0m] Reached target System Initialization.
[[0;32m  OK  [0m] Generating public/private dsa key pair.
[   19.707811] Started Message of the Day.
[[0;32m  OK  [0m] Started ACPI Events Check.cloud-init[901]: Your identification has been saved in /etc/ssh/ssh_host_dsa_key.
         
[   19.726158] cloud-init[901]: Starting Socket activation for snappy daemon.
[Your public key has been saved in /etc/ssh/ssh_host_dsa_key.pub.
[   19.735685] [0;32m  OK  [0m] Listening on D-Bus System Message Bus Socket.
         cloud-initStarting LXD - unix socket.
[[0;32m  OK  [0m[901]: The key fingerprint is:
[   19.754888] cloud-init] Started Discard unused blocks once a week.
[[0;32m  OK  [0m] Listening on UUID daemon activation socket.
[[0;32m  OK  [0m[901]: SHA256:+zRYZPbRdf2paxE/EcrCX+Axijb3i1JNmcHrM/h0bPc root@ubuntu-bionic
] Listening on Open-iSCSI iscsid Socket.
[[   19.784814] [0;32m  OK  [0m] Listening on cloud-init hotplug hook socket.cloud-init[901]: The key's randomart image is:
[   19.795813] 
[[0;32m  OK  [0m] Started Ubuntu Advantage Timer for running repeated jobs.cloud-init[901]: 
[[0;32m  OK  [0m] Listening on ACPID Listen Socket.+---[DSA 1024]----+
[   19.810782] cloud-init
[[0;32m  OK  [0m] Started Daily Cleanup of Temporary Directories.[901]: |            .   +|
[   19.820845] cloud-init[901]: |             B oo|
[[0;32m  OK  [0m] Started Daily apt download activities.
[   19.830254] cloud-init[901]: |          * = @ +|
[   19.834128] cloud-init[901]: |         B * @ +.|
[[0;32m  OK  [0m] Started Daily apt upgrade and clean activities.
[
[   19.845715] cloud-init[901]: [0;32m  OK  [0m] Reached target Timers.
|        S + X * .|
[   19.854254] cloud-init[901]: [[0;32m  OK  [0m] Reached target Paths.
|         + o @ *.|
[   19.862777] cloud-init[[0;32m  OK  [0m] Started Availability of block devices.[901]: |        o + + O +|
[   19.871698] 
[[0;32m  OK  [0m] Listening on Socket activation for snappy daemon.cloud-init[901]: |         + o =  E|
[[0;32m  OK  [0m] Listening on LXD - unix socket.
[   19.890095] cloud-init[901]: 
[[0;32m  OK  [0m] Reached target Sockets.|          o .    |
[[0;32m  OK  [0m] Reached target Basic System.
[   19.906821] cloud-init
[901]: +----[SHA256]-----+
[[0;32m  OK  [0m] Started irqbalance daemon.
[   19.915913] cloud-init[901]: Generating public/private ecdsa key pair.[[0;32m  OK  [0m] Reached target Login Prompts (Pre).
         Starting Virtualbox guest utils...
[   19.938437] cloud-init[901]: 
         Starting LXD - container startup/shutdown...
Your identification has been saved in /etc/ssh/ssh_host_ecdsa_key.         Starting Dispatcher daemon for systemd-networkd...
[[0;32m  OK  [0m] Started D-Bus System Message Bus.

[   19.987096] cloud-init[901]: Your public key has been saved in /etc/ssh/ssh_host_ecdsa_key.pub.
[   20.004433] cloud-init[901]: The key fingerprint is:
[   20.022025] cloud-init[901]: SHA256:uKqwax8TMX89Wj25gjWmiHeykF0WGBtLdZjErNN97gE root@ubuntu-bionic
[   20.043624] cloud-init[901]: The key's randomart image is:
[   20.064405] cloud-init[901]: +---[ECDSA 256]---+
[   20.093413] cloud-init[901]: |     +=oo.       |
[   20.114571] cloud-init[901]: |    . *=.        |         Starting System Logging Service...

         Starting Login Service...
         Starting Pollinate to seed the pseudo random number generator...[   20.157220] 
cloud-init         Starting Permit User Sessions...
[901]: |   o +o..        |
[   20.188583] cloud-init[901]: |    +o ooE...    |
[   20.223373] cloud-init[901]: |   . .o+SB++     |         Starting Snap Daemon...

         Starting LSB: Record successful boot for GRUB...
[[   20.260076] [0;32m  OK  [0m] Started Deferred execution scheduler.cloud-init
         Starting LSB: automatic crash report generation...
         Starting Accounts Service...
[901]: |    = =.B ooo    |
[   20.325426] cloud-init[901]: [[0;32m  OK  [0m] Started Regular background program processing daemon.
[[0;32m  OK  [0m] Started FUSE filesystem for LXC.
|.  * =.= ....    |
[   20.376409] cloud-init[901]: | +  =.+   ..     |
[   20.425065] cloud-init[901]: |+.oo..           |
[   20.435805] cloud-init[901]: +----[SHA256]-----+
[   20.464762] cloud-init[901]: Generating public/private ed25519 key pair.
[   20.481486] [[0;32m  OK  [0m] cloud-initStarted System Logging Service.
[[0;32m  OK  [0m[901]: ] Started Permit User Sessions.
Your identification has been saved in /etc/ssh/ssh_host_ed25519_key.[[0;32m  OK  [0m] Started Login Service.
[[0;32m  OK  [0m] Started Unattended Upgrades Shutdown.
         Starting Terminate Plymouth Boot Screen...

         Starting Hold until boot process finishes up...
[[0;32m  OK  [0m] Started Terminate Plymouth Boot Screen.
[[0;32m  OK  [0m] Started Hold until boot process finishes up.[   20.614751] 
cloud-init[901]: Your public key has been saved in /etc/ssh/ssh_host_ed25519_key.pub.
[   20.672299] cloud-init[901]: The key fingerprint is:
[   20.686204] cloud-init[901]: SHA256:/0CM4NOr2XIPaTtxa2z+a5oijlKAH/BD6j+gBN3/PzM root@ubuntu-bionic
[   20.707492] cloud-init[901]: The key's randomart image is:
         Starting Authorization Manager...
[[0;32m  OK  [0m] Started Serial Getty on ttyS0.
[   20.775572]          Starting Set console scheme...
cloud-init[901]: +--[ED25519 256]--+
[   20.825148] [[0;32m  OK  [0m] Started LSB: automatic crash report generation.
cloud-init[901]: [[0;32m  OK  [0m] Started Set console scheme.
[|                 |[0;32m  OK  [0m] Created slice system-getty.slice.
[[0;32m  OK  [0m] Started Getty on tty1.

[[   20.889572] [0;32m  OK  [0m] Reached target Login Prompts.
cloud-init[901]: |. .              |
[   20.948305] cloud-init[901]: | B .  .          |
[   20.992939] cloud-init[901]: |+ * .. o o       |
[   21.017478] cloud-init[901]: |o. + .o S o      |
[   21.037653] cloud-init[901]: | +. . ...=.      |[[0;32m  OK  [0m] Started LSB: Record successful boot for GRUB.

[   21.098612] cloud-init[901]: |o o.   .=+o.     |
[[0;32m  OK  [0m] Started Authorization Manager.
[[0;32m  OK  [0m] Started Accounts Service.[   21.141766] cloud-init[901]: 
|. .o .o==oE+.    |
[   21.187024] cloud-init[901]: |   .o.++oO*B+.   |
[   21.242142] cloud-init[901]: +----[SHA256]-----+[[0;32m  OK  [0m] Started LXD - container startup/shutdown.

[[0;32m  OK  [0m] Started Virtualbox guest utils.
[[0;32m  OK  [0m] Started Dispatcher daemon for systemd-networkd.
[[0;32m  OK  [0m] Started Snap Daemon.
         Starting Wait until snapd is fully seeded...
[[0;32m  OK  [0m] Started Pollinate to seed the pseudo random number generator.
         Starting OpenBSD Secure Shell server...
[[0;32m  OK  [0m] Started OpenBSD Secure Shell server.
[[0;32m  OK  [0m] Created slice User Slice of vagrant.
         Starting User Manager for UID 1000...
[[0;32m  OK  [0m] Started Session 1 of user vagrant.
[[0;32m  OK  [0m] Started User Manager for UID 1000.
         Starting Time & Date Service...
[[0;32m  OK  [0m] Started Time & Date Service.

Ubuntu 18.04.6 LTS ubuntu-bionic ttyS0

ubuntu-bionic login: [   28.365551] cloud-init[1447]: Cloud-init v. 23.1.2-0ubuntu0~18.04.1 running 'modules:config' at Fri, 01 Nov 2024 21:44:12 +0000. Up 27.63 seconds.
ci-info: no authorized SSH keys fingerprints found for user ubuntu.
<14>Nov  1 21:44:14 cloud-init: #############################################################
<14>Nov  1 21:44:14 cloud-init: -----BEGIN SSH HOST KEY FINGERPRINTS-----
<14>Nov  1 21:44:14 cloud-init: 1024 SHA256:+zRYZPbRdf2paxE/EcrCX+Axijb3i1JNmcHrM/h0bPc root@ubuntu-bionic (DSA)
<14>Nov  1 21:44:14 cloud-init: 256 SHA256:uKqwax8TMX89Wj25gjWmiHeykF0WGBtLdZjErNN97gE root@ubuntu-bionic (ECDSA)
<14>Nov  1 21:44:14 cloud-init: 256 SHA256:/0CM4NOr2XIPaTtxa2z+a5oijlKAH/BD6j+gBN3/PzM root@ubuntu-bionic (ED25519)
<14>Nov  1 21:44:14 cloud-init: 2048 SHA256:15TsQRAP98dV1bxyC5pf4AdnZHbCJ2kpGsPXWZ+Y7o4 root@ubuntu-bionic (RSA)
<14>Nov  1 21:44:14 cloud-init: -----END SSH HOST KEY FINGERPRINTS-----
<14>Nov  1 21:44:14 cloud-init: #############################################################
-----BEGIN SSH HOST KEY KEYS-----
ecdsa-sha2-nistp256 AAAAE2VjZHNhLXNoYTItbmlzdHAyNTYAAAAIbmlzdHAyNTYAAABBBNEfxA6tiPHEuSvnVaJvfS2dFbf7yTvVHMHEoB3hpKL5Xy60DpDj1rYpEkt4n9GhU6zyi4vKM+avXvjd1PAJ/HA= root@ubuntu-bionic
ssh-ed25519 AAAAC3NzaC1lZDI1NTE5AAAAIGhYCB1xPAz6QwNprWVbPPSQaE4ZTz7s0YVAfn6i10Rh root@ubuntu-bionic
ssh-rsa AAAAB3NzaC1yc2EAAAADAQABAAABAQCs70y66eJPF0cYkP580ETjLmOaBLhZ6/7uQ0BNWHmYmVGu51+EUbMyer1B0+F1k3lVAHFQekTqbip73S8YBrlDLMFtl3Y8ghpkxJyGfINXY82EGWXgXVHF7ZVwkk369PAPzCGil5VNt/q64M+sDxozAgiXdo8UvHRZRtSPyU2lwYTQKBw0uHlgt9p0dqRYeCkcoa9abxceGKJItcojhDXAq+YfbISmSlNohfYoWJTD4FMSSG2AtTOw2fkjhZN4WJXLUMozN0i3k3UQzOhHT9Gd4VrG7d3sByyzgKZl3pnqDaI97kQNr/nhVqpQtF8PFYrerNVo9cHMvXBtsKsgMtGP root@ubuntu-bionic
-----END SSH HOST KEY KEYS-----
[   29.880049] cloud-init[1597]: Cloud-init v. 23.1.2-0ubuntu0~18.04.1 running 'modules:final' at Fri, 01 Nov 2024 21:44:14 +0000. Up 29.44 seconds.
[   29.898425] cloud-init[1597]: Cloud-init v. 23.1.2-0ubuntu0~18.04.1 finished at Fri, 01 Nov 2024 21:44:14 +0000. Datasource DataSourceNoCloud [seed=/dev/sdb][dsmode=net].  Up 29.86 seconds
